-------------------------------------------------------------------------------
Test set: com.xiaobo.demo.service.UserServiceTest
-------------------------------------------------------------------------------
Tests run: 5, Failures: 0, Errors: 5, Skipped: 0, Time elapsed: 0.823 s <<< FAILURE! - in com.xiaobo.demo.service.UserServiceTest
testAddUser(com.xiaobo.demo.service.UserServiceTest)  Time elapsed: 0 s  <<< ERROR!
java.lang.IllegalStateException: Failed to load ApplicationContext
Caused by: org.springframework.beans.factory.BeanDefinitionStoreException: IOException parsing XML document from class path resource [spring/applicationContext.xml]; nested exception is java.io.FileNotFoundException: class path resource [spring/applicationContext.xml] cannot be opened because it does not exist
Caused by: java.io.FileNotFoundException: class path resource [spring/applicationContext.xml] cannot be opened because it does not exist

testUpdateUser(com.xiaobo.demo.service.UserServiceTest)  Time elapsed: 0 s  <<< ERROR!
java.lang.IllegalStateException: Failed to load ApplicationContext
Caused by: org.springframework.beans.factory.BeanDefinitionStoreException: IOException parsing XML document from class path resource [spring/applicationContext.xml]; nested exception is java.io.FileNotFoundException: class path resource [spring/applicationContext.xml] cannot be opened because it does not exist
Caused by: java.io.FileNotFoundException: class path resource [spring/applicationContext.xml] cannot be opened because it does not exist

testDeleteUser(com.xiaobo.demo.service.UserServiceTest)  Time elapsed: 0 s  <<< ERROR!
java.lang.IllegalStateException: Failed to load ApplicationContext
Caused by: org.springframework.beans.factory.BeanDefinitionStoreException: IOException parsing XML document from class path resource [spring/applicationContext.xml]; nested exception is java.io.FileNotFoundException: class path resource [spring/applicationContext.xml] cannot be opened because it does not exist
Caused by: java.io.FileNotFoundException: class path resource [spring/applicationContext.xml] cannot be opened because it does not exist

testGetUserById(com.xiaobo.demo.service.UserServiceTest)  Time elapsed: 0 s  <<< ERROR!
java.lang.IllegalStateException: Failed to load ApplicationContext
Caused by: org.springframework.beans.factory.BeanDefinitionStoreException: IOException parsing XML document from class path resource [spring/applicationContext.xml]; nested exception is java.io.FileNotFoundException: class path resource [spring/applicationContext.xml] cannot be opened because it does not exist
Caused by: java.io.FileNotFoundException: class path resource [spring/applicationContext.xml] cannot be opened because it does not exist

testGetAll(com.xiaobo.demo.service.UserServiceTest)  Time elapsed: 0.001 s  <<< ERROR!
java.lang.IllegalStateException: Failed to load ApplicationContext
Caused by: org.springframework.beans.factory.BeanDefinitionStoreException: IOException parsing XML document from class path resource [spring/applicationContext.xml]; nested exception is java.io.FileNotFoundException: class path resource [spring/applicationContext.xml] cannot be opened because it does not exist
Caused by: java.io.FileNotFoundException: class path resource [spring/applicationContext.xml] cannot be opened because it does not exist

