<?xml version="1.0" encoding="UTF-8"?>
<testsuite xmlns:xsi="http://www.w3.org/2001/XMLSchema-instance" xsi:noNamespaceSchemaLocation="https://maven.apache.org/surefire/maven-surefire-plugin/xsd/surefire-test-report.xsd" name="com.xiaobo.demo.dao.UserDaoTest" time="0.105" tests="1" errors="1" skipped="0" failures="0">
  <properties>
[...]
</properties>
  <testcase name="testGetAll" classname="com.xiaobo.demo.dao.UserDaoTest" time="0.103">
    <error message="IOException parsing XML document from class path resource [spring/applicationContext.xml]; nested exception is java.io.FileNotFoundException: class path resource [spring/applicationContext.xml] cannot be opened because it does not exist" type="org.springframework.beans.factory.BeanDefinitionStoreException">org.springframework.beans.factory.BeanDefinitionStoreException: IOException parsing XML document from class path resource [spring/applicationContext.xml]; nested exception is java.io.FileNotFoundException: class path resource [spring/applicationContext.xml] cannot be opened because it does not exist
	at com.xiaobo.demo.dao.UserDaoTest.init(UserDaoTest.java:15)
Caused by: java.io.FileNotFoundException: class path resource [spring/applicationContext.xml] cannot be opened because it does not exist
	at com.xiaobo.demo.dao.UserDaoTest.init(UserDaoTest.java:15)
</error>
    <system-err><![CDATA[十月 25, 2018 3:15:36 下午 org.springframework.context.support.AbstractApplicationContext prepareRefresh
信息: Refreshing org.springframework.context.support.ClassPathXmlApplicationContext@3cda1055: startup date [Thu Oct 25 15:15:36 CST 2018]; root of context hierarchy
十月 25, 2018 3:15:36 下午 org.springframework.beans.factory.xml.XmlBeanDefinitionReader loadBeanDefinitions
信息: Loading XML bean definitions from class path resource [spring/applicationContext.xml]
]]></system-err>
  </testcase>
</testsuite>